<?xml version="1.0" encoding="UTF-8"?>
<!-- Generated by org.testng.reporters.JUnitReportReporter -->
<testsuite skipped="0" hostname="thinkpad-t490" name="ExtentReportsTestNG" tests="2" failures="0" timestamp="2021-02-13T11:48:58 COT" time="17.689" errors="0">
  <testcase name="test1" time="11.034" classname="ExtentReportsTestNG"/>
  <system-out/>
  <testcase name="test2" time="6.655" classname="ExtentReportsTestNG"/>
  <system-out/>
</testsuite> <!-- ExtentReportsTestNG -->
