<?xml version="1.0" encoding="UTF-8"?>
<!-- Generated by org.testng.reporters.JUnitReportReporter -->
<testsuite skipped="0" hostname="thinkpad-t490" name="BroadleafTestNG" tests="1" failures="0" timestamp="2021-02-12T16:56:14 COT" time="14.032" errors="0">
  <testcase name="homePageTest" time="14.032" classname="BroadleafTestNG"/>
  <system-out/>
</testsuite> <!-- BroadleafTestNG -->
